<?xml version="1.0" encoding="UTF-8"?>
<!-- Generated by org.testng.reporters.JUnitReportReporter -->
<testsuite hostname="LAPTOP-SAHP40V1" failures="0" tests="1" name="com.herokuapp.theinternet.PositiveCase" time="15.286" errors="0" timestamp="2022-06-11T16:22:55 IST" skipped="0">
  <testcase classname="com.herokuapp.theinternet.PositiveCase" name="positiveLoginTest" time="15.286"/>
  <system-out/>
</testsuite> <!-- com.herokuapp.theinternet.PositiveCase -->
