<?xml version="1.0" encoding="UTF-8"?>
<!-- Generated by org.testng.reporters.JUnitReportReporter -->
<testsuite hostname="LAPTOP-SAHP40V1" failures="0" tests="3" name="com.herokuapp.theinternet.LoginTest" time="44.762" errors="0" timestamp="2022-06-11T17:11:28 IST" skipped="0">
  <testcase classname="com.herokuapp.theinternet.LoginTest" name="positiveLoginTest" time="16.884"/>
  <system-out/>
  <testcase classname="com.herokuapp.theinternet.LoginTest" name="negativeLoginTest" time="14.530"/>
  <system-out/>
  <testcase classname="com.herokuapp.theinternet.LoginTest" name="negativeLoginTest" time="13.348"/>
  <system-out/>
</testsuite> <!-- com.herokuapp.theinternet.LoginTest -->
