<?xml version="1.0" encoding="UTF-8"?>
<!-- Generated by org.testng.reporters.JUnitReportReporter -->
<testsuite hostname="LAPTOP-SAHP40V1" failures="0" tests="1" name="com.herokuapp.theinternet.NegativeUserName" time="13.158" errors="0" timestamp="2022-06-11T12:59:07 IST" skipped="0">
  <testcase classname="com.herokuapp.theinternet.NegativeUserName" name="inCorrectPass" time="13.158"/>
  <system-out/>
</testsuite> <!-- com.herokuapp.theinternet.NegativeUserName -->
